<?xml version="1.0" encoding="UTF-8"?><testsuites>
<testsuite xmlns:xsi="http://www.w3.org/2001/XMLSchema-instance" xsi:noNamespaceSchemaLocation="https://maven.apache.org/surefire/maven-surefire-plugin/xsd/surefire-test-report.xsd" name="sk.stuba.fei.uim.vsa.pr2.StudentResourceTest" time="10.103" tests="10" errors="0" skipped="0" failures="0">
  <properties>
[...]
</properties>
  <testcase name="shouldGetNotFoundForNonExistingStudent" classname="sk.stuba.fei.uim.vsa.pr2.StudentResourceTest" time="1.482"/>
  <testcase name="shouldCreateStudent" classname="sk.stuba.fei.uim.vsa.pr2.StudentResourceTest" time="0.557"/>
  <testcase name="shouldReturnUnauthorized" classname="sk.stuba.fei.uim.vsa.pr2.StudentResourceTest" time="0.078"/>
  <testcase name="shouldReturnForbiddenToDeleteWithWrongStudent" classname="sk.stuba.fei.uim.vsa.pr2.StudentResourceTest" time="1.523"/>
  <testcase name="shouldGetAllStudents" classname="sk.stuba.fei.uim.vsa.pr2.StudentResourceTest" time="1.526"/>
  <testcase name="shouldCreateStudentWithOnlyRequiredProperties" classname="sk.stuba.fei.uim.vsa.pr2.StudentResourceTest" time="0.559"/>
  <testcase name="shouldGetEmptyList" classname="sk.stuba.fei.uim.vsa.pr2.StudentResourceTest" time="1.052"/>
  <testcase name="shouldCallWithoutBodyAndReturnError" classname="sk.stuba.fei.uim.vsa.pr2.StudentResourceTest" time="0.079"/>
  <testcase name="shouldDeleteStudent" classname="sk.stuba.fei.uim.vsa.pr2.StudentResourceTest" time="2.02"/>
  <testcase name="shouldGetStudent" classname="sk.stuba.fei.uim.vsa.pr2.StudentResourceTest" time="1.052"/>
</testsuite>
<testsuite xmlns:xsi="http://www.w3.org/2001/XMLSchema-instance" xsi:noNamespaceSchemaLocation="https://maven.apache.org/surefire/maven-surefire-plugin/xsd/surefire-test-report.xsd" name="sk.stuba.fei.uim.vsa.pr2.ThesisResourceTest" time="36.577" tests="21" errors="0" skipped="0" failures="1">
  <properties>
[...]
</properties>
  <testcase name="shouldCallCreateThesisWithLoggedStudent" classname="sk.stuba.fei.uim.vsa.pr2.ThesisResourceTest" time="1.131"/>
  <testcase name="shouldGetNotFoundForNonExistingThesis" classname="sk.stuba.fei.uim.vsa.pr2.ThesisResourceTest" time="1.56"/>
  <testcase name="shouldFindThesisByStudent" classname="sk.stuba.fei.uim.vsa.pr2.ThesisResourceTest" time="2.566"/>
  <testcase name="shouldCreateThesis" classname="sk.stuba.fei.uim.vsa.pr2.ThesisResourceTest" time="1.051"/>
  <testcase name="shouldReturnUnauthorized" classname="sk.stuba.fei.uim.vsa.pr2.ThesisResourceTest" time="0.067"/>
  <testcase name="shouldFindThesisByTeacher" classname="sk.stuba.fei.uim.vsa.pr2.ThesisResourceTest" time="1.566"/>
  <testcase name="shouldAssignThesisWithStudent" classname="sk.stuba.fei.uim.vsa.pr2.ThesisResourceTest" time="2.51"/>
  <testcase name="shouldGetThesis" classname="sk.stuba.fei.uim.vsa.pr2.ThesisResourceTest" time="1.542"/>
  <testcase name="shouldAssignThesisWithTeacher" classname="sk.stuba.fei.uim.vsa.pr2.ThesisResourceTest" time="2.025"/>
  <testcase name="shouldCallDeleteThesisWithAnotherTeacher" classname="sk.stuba.fei.uim.vsa.pr2.ThesisResourceTest" time="2.002"/>
  <testcase name="shouldGetEmptyList" classname="sk.stuba.fei.uim.vsa.pr2.ThesisResourceTest" time="1.037"/>
  <testcase name="shouldCallFindThesesWithEmptyCriteria" classname="sk.stuba.fei.uim.vsa.pr2.ThesisResourceTest" time="1.542"/>
  <testcase name="shouldCreateThesisWithOnlyRequiredProperties" classname="sk.stuba.fei.uim.vsa.pr2.ThesisResourceTest" time="1.039"/>
  <testcase name="shouldCallWithoutBodyAndReturnError" classname="sk.stuba.fei.uim.vsa.pr2.ThesisResourceTest" time="1.032"/>
  <testcase name="shouldSubmitThesisWithStudent" classname="sk.stuba.fei.uim.vsa.pr2.ThesisResourceTest" time="3.003"/>
  <testcase name="shouldCallDeleteThesisWithStudent" classname="sk.stuba.fei.uim.vsa.pr2.ThesisResourceTest" time="2.032"/>
  <testcase name="shouldSubmitThesisWithTeacher" classname="sk.stuba.fei.uim.vsa.pr2.ThesisResourceTest" time="2.521"/>
  <testcase name="shouldDeleteThesis" classname="sk.stuba.fei.uim.vsa.pr2.ThesisResourceTest" time="1.545"/>
  <testcase name="shouldCallFindThesesWithWrongCriteria" classname="sk.stuba.fei.uim.vsa.pr2.ThesisResourceTest" time="1.561"/>
  <testcase name="shouldSubmitThesisWithTeacherAndWithWrongStudent" classname="sk.stuba.fei.uim.vsa.pr2.ThesisResourceTest" time="3.107">
    <failure message="expected: &lt;true&gt; but was: &lt;false&gt;" type="org.opentest4j.AssertionFailedError"><![CDATA[org.opentest4j.AssertionFailedError: expected: <true> but was: <false>
	at sk.stuba.fei.uim.vsa.pr2.ThesisResourceTest.shouldSubmitThesisWithTeacherAndWithWrongStudent(ThesisResourceTest.java:472)
]]></failure>
    <system-out><![CDATA[[EL Fine]: sql: 2023-05-27 13:35:53.592--ServerSession(486759395)--Connection(1912172027)--Thread(Thread[grizzly-http-server-26,5,main])--SELECT AISID, DEPARTMENT, EMAIL, ID, INSTITUTE, NAME, PASSWORD FROM TEACHER WHERE (AISID = ?)
	bind => [45678]
[EL Fine]: sql: 2023-05-27 13:35:53.593--ServerSession(486759395)--Connection(1912172027)--Thread(Thread[grizzly-http-server-26,5,main])--SELECT AISID, DEPARTMENT, EMAIL, ID, INSTITUTE, NAME, PASSWORD FROM TEACHER WHERE (EMAIL = ?)
	bind => [ucitel.test@stuba.sk]
[EL Fine]: sql: 2023-05-27 13:35:54.105--ClientSession(308071259)--Connection(1912172027)--Thread(Thread[grizzly-http-server-26,5,main])--INSERT INTO TEACHER (AISID, DEPARTMENT, EMAIL, ID, INSTITUTE, NAME, PASSWORD) VALUES (?, ?, ?, ?, ?, ?, ?)
	bind => [45678, SI, ucitel.test@stuba.sk, 45678, UIM, Testovaci ucitel, $2a$13$E.5O9I4Ovsf4Sznzeq6wDe52YmKKSyhVMAONDQ5g.vqAfmxAIY9AO]
2023-05-27 13:35:54.119  INFO --- [-http-server-27] s.s.f.u.v.pr2.auth.AuthenticationFilter  : Credentials: ucitel.test@stuba.sk, password
[EL Fine]: sql: 2023-05-27 13:35:54.119--ServerSession(486759395)--Connection(1912172027)--Thread(Thread[grizzly-http-server-27,5,main])--SELECT AISID, EMAIL, ID, NAME, PASSWORD, PROGRAMME, TERM, YEAR FROM STUDENT WHERE (EMAIL = ?)
	bind => [ucitel.test@stuba.sk]
[EL Fine]: sql: 2023-05-27 13:35:54.12--ServerSession(486759395)--Connection(1912172027)--Thread(Thread[grizzly-http-server-27,5,main])--SELECT AISID, DEPARTMENT, EMAIL, ID, INSTITUTE, NAME, PASSWORD FROM TEACHER WHERE (EMAIL = ?)
	bind => [ucitel.test@stuba.sk]
[EL Fine]: sql: 2023-05-27 13:35:54.591--ServerSession(486759395)--Connection(1912172027)--Thread(Thread[grizzly-http-server-27,5,main])--SELECT ID, DEADLINE, DEPARTMENT, DESCRIPTION, PUBLISHEDON, REGISTRATIONNUMBER, STATUS, TITLE, TYPE, SUPERVISOR_AISID, AUTHOR_AISID FROM THESIS WHERE (REGISTRATIONNUMBER = ?)
	bind => [FEI-99c3bc6b32f0472fab7816b6396a6291]
[EL Fine]: sql: 2023-05-27 13:35:54.593--ClientSession(1467351417)--Connection(1912172027)--Thread(Thread[grizzly-http-server-27,5,main])--INSERT INTO THESIS (ID, DEADLINE, DEPARTMENT, DESCRIPTION, PUBLISHEDON, REGISTRATIONNUMBER, STATUS, TITLE, TYPE, SUPERVISOR_AISID, AUTHOR_AISID) VALUES (?, ?, ?, ?, ?, ?, ?, ?, ?, ?, ?)
	bind => [16, 2023-08-27, SI, Some description of the thesis, 2023-05-27, FEI-99c3bc6b32f0472fab7816b6396a6291, FREE_TO_TAKE, Excellent Simple Bachelor Thesis, BACHELOR, 45678, null]
2023-05-27 13:35:54.608  INFO --- [           main] s.s.fei.uim.vsa.pr2.utils.ResourceTest   : Parsing response: {"id":16,"registrationNumber":"FEI-99c3bc6b32f0472fab7816b6396a6291","title":"Excellent Simple Bachelor Thesis","description":"Some description of the thesis","department":"SI","supervisor":{"id":45678,"aisId":45678,"name":"Testovaci ucitel","email":"ucitel.test@stuba.sk","institute":"UIM","department":"SI","theses":[16]},"author":null,"publishedOn":"2023-05-27","deadline":"2023-08-27","type":"BACHELOR","status":"FREE_TO_TAKE"}
[EL Fine]: sql: 2023-05-27 13:35:54.612--ServerSession(486759395)--Connection(1912172027)--Thread(Thread[grizzly-http-server-28,5,main])--SELECT AISID, EMAIL, ID, NAME, PASSWORD, PROGRAMME, TERM, YEAR FROM STUDENT WHERE (AISID = ?)
	bind => [70127]
[EL Fine]: sql: 2023-05-27 13:35:54.613--ServerSession(486759395)--Connection(1912172027)--Thread(Thread[grizzly-http-server-28,5,main])--SELECT AISID, EMAIL, ID, NAME, PASSWORD, PROGRAMME, TERM, YEAR FROM STUDENT WHERE (EMAIL = ?)
	bind => [xstudent@stuba.sk]
[EL Fine]: sql: 2023-05-27 13:35:55.093--ClientSession(1367563417)--Connection(1912172027)--Thread(Thread[grizzly-http-server-28,5,main])--INSERT INTO STUDENT (AISID, EMAIL, ID, NAME, PASSWORD, PROGRAMME, TERM, YEAR) VALUES (?, ?, ?, ?, ?, ?, ?, ?)
	bind => [70127, xstudent@stuba.sk, 70127, Test Student, $2a$13$8jqOzClzV55Eu9SBlEZr4eInAzobLIUiZ.VLrIPjTyENkB5Jwt19O, API, 18, 8]
2023-05-27 13:35:55.102  INFO --- [           main] s.s.fei.uim.vsa.pr2.utils.ResourceTest   : Parsing response: {"id":70127,"aisId":70127,"name":"Test Student","email":"xstudent@stuba.sk","year":8,"term":18,"programme":"API","thesis":null}
2023-05-27 13:35:55.119  INFO --- [-http-server-29] s.s.f.u.v.pr2.auth.AuthenticationFilter  : Credentials: ucitel.test@stuba.sk, password
[EL Fine]: sql: 2023-05-27 13:35:55.121--ServerSession(486759395)--Connection(1912172027)--Thread(Thread[grizzly-http-server-29,5,main])--SELECT AISID, EMAIL, ID, NAME, PASSWORD, PROGRAMME, TERM, YEAR FROM STUDENT WHERE (EMAIL = ?)
	bind => [ucitel.test@stuba.sk]
[EL Fine]: sql: 2023-05-27 13:35:55.122--ServerSession(486759395)--Connection(1912172027)--Thread(Thread[grizzly-http-server-29,5,main])--SELECT AISID, DEPARTMENT, EMAIL, ID, INSTITUTE, NAME, PASSWORD FROM TEACHER WHERE (EMAIL = ?)
	bind => [ucitel.test@stuba.sk]
[EL Fine]: sql: 2023-05-27 13:35:55.604--ClientSession(1445914669)--Connection(1912172027)--Thread(Thread[grizzly-http-server-29,5,main])--UPDATE THESIS SET STATUS = ?, AUTHOR_AISID = ? WHERE (ID = ?)
	bind => [IN_PROGRESS, 70127, 16]
2023-05-27 13:35:55.615  INFO --- [           main] s.s.fei.uim.vsa.pr2.utils.ResourceTest   : Parsing response: {"id":16,"registrationNumber":"FEI-99c3bc6b32f0472fab7816b6396a6291","title":"Excellent Simple Bachelor Thesis","description":"Some description of the thesis","department":"SI","supervisor":{"id":45678,"aisId":45678,"name":"Testovaci ucitel","email":"ucitel.test@stuba.sk","institute":"UIM","department":"SI","theses":[16]},"author":{"id":70127,"aisId":70127,"name":"Test Student","email":"xstudent@stuba.sk","year":8,"term":18,"programme":"API","thesis":16},"publishedOn":"2023-05-27","deadline":"2023-08-27","type":"BACHELOR","status":"IN_PROGRESS"}
[EL Fine]: sql: 2023-05-27 13:35:55.621--ServerSession(486759395)--Connection(1912172027)--Thread(Thread[grizzly-http-server-30,5,main])--SELECT AISID, EMAIL, ID, NAME, PASSWORD, PROGRAMME, TERM, YEAR FROM STUDENT WHERE (AISID = ?)
	bind => [81230]
[EL Fine]: sql: 2023-05-27 13:35:55.624--ServerSession(486759395)--Connection(1912172027)--Thread(Thread[grizzly-http-server-30,5,main])--SELECT AISID, EMAIL, ID, NAME, PASSWORD, PROGRAMME, TERM, YEAR FROM STUDENT WHERE (EMAIL = ?)
	bind => [xstu@stuba.sk]
[EL Fine]: sql: 2023-05-27 13:35:56.124--ClientSession(335853739)--Connection(1912172027)--Thread(Thread[grizzly-http-server-30,5,main])--INSERT INTO STUDENT (AISID, EMAIL, ID, NAME, PASSWORD, PROGRAMME, TERM, YEAR) VALUES (?, ?, ?, ?, ?, ?, ?, ?)
	bind => [81230, xstu@stuba.sk, 81230, Testovaci Studenttt, $2a$13$N5LIBc/90hZEHhD/4H4xEu9XNo8AOofL3.uUudu.RK9jt/ke9fI9K, B-API, 6, 3]
2023-05-27 13:35:56.131  INFO --- [           main] s.s.fei.uim.vsa.pr2.utils.ResourceTest   : Parsing response: {"id":81230,"aisId":81230,"name":"Testovaci Studenttt","email":"xstu@stuba.sk","year":3,"term":6,"programme":"B-API","thesis":null}
2023-05-27 13:35:56.133  INFO --- [-http-server-31] s.s.f.u.v.pr2.auth.AuthenticationFilter  : Credentials: ucitel.test@stuba.sk, password
[EL Fine]: sql: 2023-05-27 13:35:56.134--ServerSession(486759395)--Connection(1912172027)--Thread(Thread[grizzly-http-server-31,5,main])--SELECT AISID, EMAIL, ID, NAME, PASSWORD, PROGRAMME, TERM, YEAR FROM STUDENT WHERE (EMAIL = ?)
	bind => [ucitel.test@stuba.sk]
[EL Fine]: sql: 2023-05-27 13:35:56.134--ServerSession(486759395)--Connection(1912172027)--Thread(Thread[grizzly-http-server-31,5,main])--SELECT AISID, DEPARTMENT, EMAIL, ID, INSTITUTE, NAME, PASSWORD FROM TEACHER WHERE (EMAIL = ?)
	bind => [ucitel.test@stuba.sk]
]]></system-out>
  </testcase>
  <testcase name="shouldGetAllTheses" classname="sk.stuba.fei.uim.vsa.pr2.ThesisResourceTest" time="2.023"/>
</testsuite>
<testsuite xmlns:xsi="http://www.w3.org/2001/XMLSchema-instance" xsi:noNamespaceSchemaLocation="https://maven.apache.org/surefire/maven-surefire-plugin/xsd/surefire-test-report.xsd" name="sk.stuba.fei.uim.vsa.pr2.SanityCheckTest" time="1.971" tests="3" errors="0" skipped="0" failures="0">
  <properties>
[...]
</properties>
  <testcase name="testValidityOfPOMFile" classname="sk.stuba.fei.uim.vsa.pr2.SanityCheckTest" time="0.011"/>
  <testcase name="testForResourcesAvailability" classname="sk.stuba.fei.uim.vsa.pr2.SanityCheckTest" time="0.172"/>
  <testcase name="testPersistentUnit" classname="sk.stuba.fei.uim.vsa.pr2.SanityCheckTest" time="0.001"/>
</testsuite>
<testsuite xmlns:xsi="http://www.w3.org/2001/XMLSchema-instance" xsi:noNamespaceSchemaLocation="https://maven.apache.org/surefire/maven-surefire-plugin/xsd/surefire-test-report.xsd" name="sk.stuba.fei.uim.vsa.pr2.TeacherResourceTest" time="11.164" tests="11" errors="0" skipped="0" failures="0">
  <properties>
[...]
</properties>
  <testcase name="shouldCreateTeacherWithOnlyRequiredProperties" classname="sk.stuba.fei.uim.vsa.pr2.TeacherResourceTest" time="0.602"/>
  <testcase name="shouldGetTeacher" classname="sk.stuba.fei.uim.vsa.pr2.TeacherResourceTest" time="1.079"/>
  <testcase name="deleteTeacher" classname="sk.stuba.fei.uim.vsa.pr2.TeacherResourceTest" time="2.011"/>
  <testcase name="shouldGetNotFoundForNonExistingTeacher" classname="sk.stuba.fei.uim.vsa.pr2.TeacherResourceTest" time="1.027"/>
  <testcase name="shouldReturnUnauthorized" classname="sk.stuba.fei.uim.vsa.pr2.TeacherResourceTest" time="0.066"/>
  <testcase name="shouldCreateTeacher" classname="sk.stuba.fei.uim.vsa.pr2.TeacherResourceTest" time="0.557"/>
  <testcase name="shouldReturnForbiddenToDeleteTeacherWithStudent" classname="sk.stuba.fei.uim.vsa.pr2.TeacherResourceTest" time="1.513"/>
  <testcase name="shouldReturnForbiddenToDeleteWithWrongTeacher" classname="sk.stuba.fei.uim.vsa.pr2.TeacherResourceTest" time="1.51"/>
  <testcase name="shouldGetEmptyList" classname="sk.stuba.fei.uim.vsa.pr2.TeacherResourceTest" time="1.034"/>
  <testcase name="shouldCallWithoutBodyAndReturnError" classname="sk.stuba.fei.uim.vsa.pr2.TeacherResourceTest" time="0.075"/>
  <testcase name="shouldGetAllTeachers" classname="sk.stuba.fei.uim.vsa.pr2.TeacherResourceTest" time="1.592"/>
</testsuite></testsuites>